<component name="libraryTable">
  <library name="junit-jupiter-api-5.0.0-M5">
    <CLASSES>
      <root url="jar://$PROJECT_DIR$/lib/junit-jupiter-api-5.0.0-M5.jar!/" />
      <root url="jar://$PROJECT_DIR$/lib/opentest4j-1.0.0-M2.jar!/" />
    </CLASSES>
    <JAVADOC />
    <SOURCES />
  </library>
</component>